2026-02-28 18:03:48,540 | INFO     | app | Train endpoint hit
2026-02-28 18:03:48,648 | INFO     | app | Model trained successfully
2026-02-28 18:03:48,684 | INFO     | app | Models saved to disk
2026-02-28 18:03:48,690 | INFO     | app | Redis counter reset to 0
2026-02-28 18:04:14,351 | INFO     | app | Prediction endpoint hit
2026-02-28 18:04:14,381 | INFO     | app | Models loaded successfully
2026-02-28 18:04:14,391 | INFO     | app | Prediction successful
2026-02-28 18:04:19,785 | INFO     | app | Train endpoint hit
2026-02-28 18:04:19,867 | INFO     | app | Model trained successfully
2026-02-28 18:04:19,903 | INFO     | app | Models saved to disk
2026-02-28 18:04:19,904 | INFO     | app | Redis counter reset to 0
2026-02-28 18:05:34,146 | INFO     | app | Train endpoint hit
2026-02-28 18:05:34,246 | INFO     | app | Model trained successfully
2026-02-28 18:05:34,283 | INFO     | app | Models saved to disk
2026-02-28 18:05:34,284 | INFO     | app | Redis counter reset to 0
2026-02-28 18:05:41,458 | INFO     | app | Prediction endpoint hit
2026-02-28 18:05:41,488 | INFO     | app | Models loaded successfully
2026-02-28 18:05:41,502 | INFO     | app | Prediction successful
2026-02-28 18:05:42,204 | INFO     | app | Prediction endpoint hit
2026-02-28 18:05:42,234 | INFO     | app | Models loaded successfully
2026-02-28 18:05:42,245 | INFO     | app | Prediction successful
2026-02-28 18:05:42,504 | INFO     | app | Prediction endpoint hit
2026-02-28 18:05:42,533 | INFO     | app | Models loaded successfully
2026-02-28 18:05:42,544 | INFO     | app | Prediction successful
2026-02-28 18:05:42,705 | INFO     | app | Prediction endpoint hit
2026-02-28 18:05:42,736 | INFO     | app | Models loaded successfully
2026-02-28 18:05:42,746 | INFO     | app | Prediction successful
2026-02-28 18:05:42,986 | INFO     | app | Prediction endpoint hit
2026-02-28 18:05:43,014 | INFO     | app | Models loaded successfully
2026-02-28 18:05:43,025 | INFO     | app | Prediction successful
2026-02-28 18:05:50,151 | INFO     | app | Train endpoint hit
2026-02-28 18:05:50,234 | INFO     | app | Model trained successfully
2026-02-28 18:05:50,269 | INFO     | app | Models saved to disk
2026-02-28 18:05:50,270 | INFO     | app | Redis counter reset to 0
2026-02-28 18:07:10,792 | INFO     | app | Prediction endpoint hit
2026-02-28 18:07:10,823 | INFO     | app | Models loaded successfully
2026-02-28 18:07:10,838 | INFO     | app | Prediction successful
2026-02-28 18:07:15,917 | INFO     | app | Train endpoint hit
2026-02-28 18:07:16,023 | INFO     | app | Model trained successfully
2026-02-28 18:07:16,059 | INFO     | app | Models saved to disk
2026-02-28 18:07:16,060 | INFO     | app | Redis counter reset to 0
2026-02-28 18:07:17,114 | INFO     | app | Train endpoint hit
2026-02-28 18:07:17,196 | INFO     | app | Model trained successfully
2026-02-28 18:07:17,231 | INFO     | app | Models saved to disk
2026-02-28 18:07:17,232 | INFO     | app | Redis counter reset to 0
2026-02-28 18:10:51,106 | INFO     | app | Train endpoint hit
2026-02-28 18:10:51,207 | INFO     | app | Model trained successfully
2026-02-28 18:10:51,243 | INFO     | app | Models saved to disk
2026-02-28 18:10:51,247 | INFO     | app | Redis counter reset to 0
2026-02-28 18:10:56,820 | INFO     | app | Prediction endpoint hit
2026-02-28 18:10:56,850 | INFO     | app | Models loaded successfully
2026-02-28 18:10:56,861 | INFO     | app | Prediction successful
2026-02-28 18:10:57,693 | INFO     | app | Prediction endpoint hit
2026-02-28 18:10:57,724 | INFO     | app | Models loaded successfully
2026-02-28 18:10:57,734 | INFO     | app | Prediction successful
2026-02-28 18:10:58,163 | INFO     | app | Prediction endpoint hit
2026-02-28 18:10:58,191 | INFO     | app | Models loaded successfully
2026-02-28 18:10:58,202 | INFO     | app | Prediction successful
2026-02-28 18:11:03,226 | INFO     | app | Train endpoint hit
2026-02-28 18:11:03,313 | INFO     | app | Model trained successfully
2026-02-28 18:11:03,349 | INFO     | app | Models saved to disk
2026-02-28 18:11:03,350 | INFO     | app | Redis counter reset to 0
2026-02-28 18:11:03,874 | INFO     | app | Train endpoint hit
2026-02-28 18:11:03,960 | INFO     | app | Model trained successfully
2026-02-28 18:11:03,996 | INFO     | app | Models saved to disk
2026-02-28 18:11:03,997 | INFO     | app | Redis counter reset to 0
2026-02-28 18:11:04,450 | INFO     | app | Train endpoint hit
2026-02-28 18:11:04,534 | INFO     | app | Model trained successfully
2026-02-28 18:11:04,569 | INFO     | app | Models saved to disk
2026-02-28 18:11:04,570 | INFO     | app | Redis counter reset to 0
2026-02-28 18:11:56,650 | INFO     | app | Prediction endpoint hit
2026-02-28 18:11:56,678 | INFO     | app | Models loaded successfully
2026-02-28 18:11:56,688 | INFO     | app | Prediction successful
2026-02-28 18:11:56,903 | INFO     | app | Prediction endpoint hit
2026-02-28 18:11:56,931 | INFO     | app | Models loaded successfully
2026-02-28 18:11:56,941 | INFO     | app | Prediction successful
2026-02-28 18:11:57,316 | INFO     | app | Prediction endpoint hit
2026-02-28 18:11:57,346 | INFO     | app | Models loaded successfully
2026-02-28 18:11:57,356 | INFO     | app | Prediction successful
2026-02-28 18:11:57,555 | INFO     | app | Prediction endpoint hit
2026-02-28 18:11:57,583 | INFO     | app | Models loaded successfully
2026-02-28 18:11:57,594 | INFO     | app | Prediction successful
2026-02-28 18:11:57,931 | INFO     | app | Prediction endpoint hit
2026-02-28 18:11:57,959 | INFO     | app | Models loaded successfully
2026-02-28 18:11:57,970 | INFO     | app | Prediction successful
2026-02-28 18:12:04,930 | INFO     | app | Prediction endpoint hit
2026-02-28 18:12:04,961 | INFO     | app | Models loaded successfully
2026-02-28 18:12:04,972 | INFO     | app | Prediction successful
2026-02-28 18:17:17,515 | INFO     | app | Train endpoint hit
2026-02-28 18:17:17,628 | INFO     | app | Model trained successfully
2026-02-28 18:17:17,667 | INFO     | app | Models saved to disk
2026-02-28 18:17:17,672 | INFO     | app | Redis counter reset to 0
2026-02-28 18:17:17,972 | INFO     | app | Train endpoint hit
2026-02-28 18:17:18,056 | INFO     | app | Model trained successfully
2026-02-28 18:17:18,093 | INFO     | app | Models saved to disk
2026-02-28 18:17:18,094 | INFO     | app | Redis counter reset to 0
2026-02-28 18:17:18,568 | INFO     | app | Train endpoint hit
2026-02-28 18:17:18,653 | INFO     | app | Model trained successfully
2026-02-28 18:17:18,688 | INFO     | app | Models saved to disk
2026-02-28 18:17:18,689 | INFO     | app | Redis counter reset to 0
2026-02-28 18:17:19,223 | INFO     | app | Train endpoint hit
2026-02-28 18:17:19,312 | INFO     | app | Model trained successfully
2026-02-28 18:17:19,348 | INFO     | app | Models saved to disk
2026-02-28 18:17:19,349 | INFO     | app | Redis counter reset to 0
2026-02-28 18:17:20,688 | INFO     | app | Train endpoint hit
2026-02-28 18:17:20,777 | INFO     | app | Model trained successfully
2026-02-28 18:17:20,812 | INFO     | app | Models saved to disk
2026-02-28 18:17:20,813 | INFO     | app | Redis counter reset to 0
2026-02-28 18:17:31,355 | INFO     | app | Prediction endpoint hit
2026-02-28 18:17:31,385 | INFO     | app | Models loaded successfully
2026-02-28 18:17:31,397 | INFO     | app | Prediction successful
2026-02-28 18:17:31,811 | INFO     | app | Prediction endpoint hit
2026-02-28 18:17:31,841 | INFO     | app | Models loaded successfully
2026-02-28 18:17:31,853 | INFO     | app | Prediction successful
2026-02-28 18:17:32,026 | INFO     | app | Prediction endpoint hit
2026-02-28 18:17:32,057 | INFO     | app | Models loaded successfully
2026-02-28 18:17:32,068 | INFO     | app | Prediction successful
2026-02-28 18:17:32,225 | INFO     | app | Prediction endpoint hit
2026-02-28 18:17:32,253 | INFO     | app | Models loaded successfully
2026-02-28 18:17:32,263 | INFO     | app | Prediction successful
2026-02-28 18:17:32,412 | INFO     | app | Prediction endpoint hit
2026-02-28 18:17:32,441 | INFO     | app | Models loaded successfully
2026-02-28 18:17:32,452 | INFO     | app | Prediction successful
2026-02-28 18:17:32,598 | INFO     | app | Prediction endpoint hit
2026-02-28 18:17:32,627 | INFO     | app | Models loaded successfully
2026-02-28 18:17:32,640 | INFO     | app | Prediction successful
2026-02-28 18:17:32,796 | INFO     | app | Prediction endpoint hit
2026-02-28 18:17:32,825 | INFO     | app | Models loaded successfully
2026-02-28 18:17:32,835 | INFO     | app | Prediction successful
2026-02-28 18:17:32,952 | INFO     | app | Prediction endpoint hit
2026-02-28 18:17:32,981 | INFO     | app | Models loaded successfully
2026-02-28 18:17:32,992 | INFO     | app | Prediction successful
2026-02-28 18:17:33,446 | INFO     | app | Prediction endpoint hit
2026-02-28 18:17:33,475 | INFO     | app | Models loaded successfully
2026-02-28 18:17:33,486 | INFO     | app | Prediction successful
2026-02-28 18:17:39,643 | INFO     | app | Train endpoint hit
2026-02-28 18:17:39,726 | INFO     | app | Model trained successfully
2026-02-28 18:17:39,761 | INFO     | app | Models saved to disk
2026-02-28 18:17:39,762 | INFO     | app | Redis counter reset to 0
2026-02-28 18:52:35,637 | INFO     | app | Kafka consumer started and listening
2026-02-28 18:53:58,348 | INFO     | app | Prediction endpoint hit
2026-02-28 18:53:58,429 | INFO     | app | Models loaded successfully
2026-02-28 18:53:58,475 | INFO     | app | Prediction successful
2026-02-28 18:54:02,883 | INFO     | app | Prediction endpoint hit
2026-02-28 18:54:02,912 | INFO     | app | Models loaded successfully
2026-02-28 18:54:02,925 | INFO     | app | Prediction successful
2026-02-28 18:54:03,078 | INFO     | app | Prediction endpoint hit
2026-02-28 18:54:03,106 | INFO     | app | Models loaded successfully
2026-02-28 18:54:03,117 | INFO     | app | Prediction successful
2026-02-28 18:54:03,391 | INFO     | app | Prediction endpoint hit
2026-02-28 18:54:03,419 | INFO     | app | Models loaded successfully
2026-02-28 18:54:03,432 | INFO     | app | Prediction successful
2026-02-28 18:54:03,611 | INFO     | app | Prediction endpoint hit
2026-02-28 18:54:03,638 | INFO     | app | Models loaded successfully
2026-02-28 18:54:03,649 | INFO     | app | Prediction successful
2026-02-28 18:54:03,755 | INFO     | app | Prediction endpoint hit
2026-02-28 18:54:03,784 | INFO     | app | Models loaded successfully
2026-02-28 18:54:03,795 | INFO     | app | Prediction successful
2026-02-28 18:54:03,943 | INFO     | app | Prediction endpoint hit
2026-02-28 18:54:03,972 | INFO     | app | Models loaded successfully
2026-02-28 18:54:03,983 | INFO     | app | Prediction successful
2026-02-28 18:54:04,136 | INFO     | app | Prediction endpoint hit
2026-02-28 18:54:04,163 | INFO     | app | Models loaded successfully
2026-02-28 18:54:04,174 | INFO     | app | Prediction successful
2026-02-28 18:54:04,315 | INFO     | app | Prediction endpoint hit
2026-02-28 18:54:04,343 | INFO     | app | Models loaded successfully
2026-02-28 18:54:04,355 | INFO     | app | Prediction successful
2026-02-28 18:54:04,471 | INFO     | app | Prediction endpoint hit
2026-02-28 18:54:04,499 | INFO     | app | Models loaded successfully
2026-02-28 18:54:04,511 | INFO     | app | Prediction successful
2026-02-28 18:54:04,511 | INFO     | app | Threshold reached. Publishing retrain event to Kafka.
2026-02-28 18:56:40,159 | INFO     | app | Prediction endpoint hit
2026-02-28 18:56:40,198 | INFO     | app | Models loaded successfully
2026-02-28 18:56:40,211 | INFO     | app | Prediction successful
